<?xml version="1.0" encoding="UTF-8"?>
<testng-results ignored="0" total="1" passed="1" failed="0" skipped="0">
  <reporter-output>
  </reporter-output>
  <suite started-at="2021-11-13T13:07:29 IST" name="Default suite" finished-at="2021-11-13T13:07:29 IST" duration-ms="92">
    <groups>
    </groups>
    <test started-at="2021-11-13T13:07:29 IST" name="Default test" finished-at="2021-11-13T13:07:29 IST" duration-ms="92">
      <class name="crm.Demo.Github.JenkinsTest.Demo1Test">
        <test-method signature="Demo()[pri:0, instance:crm.Demo.Github.JenkinsTest.Demo1Test@72cde7cc]" started-at="2021-11-13T13:07:29 IST" name="Demo" finished-at="2021-11-13T13:07:29 IST" duration-ms="18" status="PASS">
          <reporter-output>
          </reporter-output>
        </test-method> <!-- Demo -->
      </class> <!-- crm.Demo.Github.JenkinsTest.Demo1Test -->
    </test> <!-- Default test -->
  </suite> <!-- Default suite -->
</testng-results>
